<?xml version="1.0" encoding="UTF-8"?>
<testsuite xmlns:xsi="http://www.w3.org/2001/XMLSchema-instance" xsi:noNamespaceSchemaLocation="https://maven.apache.org/surefire/maven-surefire-plugin/xsd/surefire-test-report-3.0.xsd" version="3.0" name="TestSuite" time="159.533" tests="8" errors="0" skipped="0" failures="1">
  <properties>
[...]
</properties>
  <testcase name="verifyHomePageTitle" classname="com.qa.MyTests.HomePageTest" time="1.056"/>
  <testcase name="verifyCurrentTab" classname="com.qa.MyTests.HomePageTest" time="0.1"/>
  <testcase name="verifySelectRoundTrip" classname="com.qa.MyTests.HomePageTest" time="0.264"/>
  <testcase name="verifySelectFromCity" classname="com.qa.MyTests.HomePageTest" time="1.704"/>
  <testcase name="verifySelectToCity" classname="com.qa.MyTests.HomePageTest" time="2.012"/>
  <testcase name="verifySelectDates" classname="com.qa.MyTests.HomePageTest" time="14.035"/>
  <testcase name="verifyClickSearchButton" classname="com.qa.MyTests.HomePageTest" time="3.107">
    <failure message="element click intercepted: Element &lt;span class=&quot;lbl_input latoBold appendBottom10&quot;&gt;...&lt;/span&gt; is not clickable at point (688, 232). Other element would receive the click: &lt;label for=&quot;departure&quot;&gt;...&lt;/label&gt;&#10;  (Session info: chrome=80.0.3987.149)&#10;Build info: version: &apos;3.141.59&apos;, revision: &apos;e82be7d358&apos;, time: &apos;2018-11-14T08:17:03&apos;&#10;System info: host: &apos;OS-KAPIL&apos;, ip: &apos;192.168.1.79&apos;, os.name: &apos;Windows 7&apos;, os.arch: &apos;amd64&apos;, os.version: &apos;6.1&apos;, java.version: &apos;1.8.0_221&apos;&#10;Driver info: org.openqa.selenium.chrome.ChromeDriver&#10;Capabilities {acceptInsecureCerts: false, browserName: chrome, browserVersion: 80.0.3987.149, chrome: {chromedriverVersion: 80.0.3987.106 (f68069574609..., userDataDir: C:\Users\KAPIL~1.RAN\AppDat...}, goog:chromeOptions: {debuggerAddress: localhost:56593}, javascriptEnabled: true, networkConnectionEnabled: false, pageLoadStrategy: normal, platform: WINDOWS, platformName: WINDOWS, proxy: Proxy(), setWindowRect: true, strictFileInteractability: false, timeouts: {implicit: 0, pageLoad: 300000, script: 30000}, unhandledPromptBehavior: dismiss and notify}&#10;Session ID: 2ba7e72bc5a479f5d9f723af8fd8ea0e" type="org.openqa.selenium.ElementClickInterceptedException"><![CDATA[org.openqa.selenium.ElementClickInterceptedException: 
element click intercepted: Element <span class="lbl_input latoBold appendBottom10">...</span> is not clickable at point (688, 232). Other element would receive the click: <label for="departure">...</label>
  (Session info: chrome=80.0.3987.149)
Build info: version: '3.141.59', revision: 'e82be7d358', time: '2018-11-14T08:17:03'
System info: host: 'OS-KAPIL', ip: '192.168.1.79', os.name: 'Windows 7', os.arch: 'amd64', os.version: '6.1', java.version: '1.8.0_221'
Driver info: org.openqa.selenium.chrome.ChromeDriver
Capabilities {acceptInsecureCerts: false, browserName: chrome, browserVersion: 80.0.3987.149, chrome: {chromedriverVersion: 80.0.3987.106 (f68069574609..., userDataDir: C:\Users\KAPIL~1.RAN\AppDat...}, goog:chromeOptions: {debuggerAddress: localhost:56593}, javascriptEnabled: true, networkConnectionEnabled: false, pageLoadStrategy: normal, platform: WINDOWS, platformName: WINDOWS, proxy: Proxy(), setWindowRect: true, strictFileInteractability: false, timeouts: {implicit: 0, pageLoad: 300000, script: 30000}, unhandledPromptBehavior: dismiss and notify}
Session ID: 2ba7e72bc5a479f5d9f723af8fd8ea0e
	at com.qa.MyTests.HomePageTest.verifySelectDates(HomePageTest.java:59)
	at com.qa.MyTests.HomePageTest.verifyClickSearchButton(HomePageTest.java:66)
]]></failure>
    <system-err><![CDATA[Starting ChromeDriver 80.0.3987.106 (f68069574609230cf9b635cd784cfb1bf81bb53a-refs/branch-heads/3987@{#882}) on port 12836
Only local connections are allowed.
Please protect ports used by ChromeDriver and related test frameworks to prevent access by malicious code.
Apr 05, 2020 11:22:34 PM org.openqa.selenium.remote.ProtocolHandshake createSession
INFO: Detected dialect: W3C
[1586109154.587][SEVERE]: Timed out receiving message from renderer: 0.100
[1586109154.745][SEVERE]: Timed out receiving message from renderer: 0.100
[1586109155.631][SEVERE]: Timed out receiving message from renderer: 0.100
[1586109155.794][SEVERE]: Timed out receiving message from renderer: 0.100
]]></system-err>
  </testcase>
  <testcase name="verifyAllHomePageLinks" classname="com.qa.MyTests.HomePageTest" time="79.863"/>
</testsuite>